<?xml version="1.0" encoding="UTF-8"?>
<!-- Generated by org.testng.reporters.JUnitXMLReporter -->
<testsuite ignored="0" hostname="BAN-LAP-AMANNAR" failures="0" tests="4" name="Test" time="0.061" errors="0" timestamp="2023-06-13T15:27:21 IST">
  <testcase classname="tests.ng.core.Courses" name="apiAutomation" time="0.008"/>
  <testcase classname="tests.ng.core.Courses" name="coreprogramming" time="0.001"/>
  <testcase classname="tests.ng.core.Courses" name="mobileAutomation" time="0.001"/>
  <testcase classname="tests.ng.core.Courses" name="weBAutomation" time="0.0"/>
</testsuite> <!-- Test -->
